# JRE version: OpenJDK Runtime Environment Temurin-21.0.7+6 (21.0.7+6) (build 21.0.7+6-LTS)
# Java VM: OpenJDK 64-Bit Server VM Temurin-21.0.7+6 (21.0.7+6-LTS, mixed mode, sharing, tiered, compressed oops, compressed class ptrs, parallel gc, windows-amd64)
GC Precious Log:
 CardTable entry size: 512
 CPUs: 12 total, 12 available
 Memory: 16152M
 Large Page Support: Disabled
 NUMA Support: Disabled
 Compressed Oops: Enabled (32-bit)
 Alignments: Space 512K, Generation 512K, Heap 2M
 Heap Min Capacity: 100M
 Heap Initial Capacity: 100M
 Heap Max Capacity: 1G
 Pre-touch: Disabled
 Parallel Workers: 10
Heap:
 PSYoungGen      total 6144K, used 5703K [0x00000000eab00000, 0x00000000eb200000, 0x0000000100000000)
  eden space 5120K, 97% used [0x00000000eab00000,0x00000000eafdb0a8,0x00000000eb000000)
  from space 1024K, 78% used [0x00000000eb100000,0x00000000eb1c7ba0,0x00000000eb200000)
  to   space 1024K, 0% used [0x00000000eb000000,0x00000000eb000000,0x00000000eb100000)
 ParOldGen       total 390144K, used 390128K [0x00000000c0000000, 0x00000000d7d00000, 0x00000000eab00000)
  object space 390144K, 99% used [0x00000000c0000000,0x00000000d7cfc2a8,0x00000000d7d00000)
 Metaspace       used 70915K, committed 72576K, reserved 1114112K
  class space    used 7198K, committed 7936K, reserved 1048576K
GC Heap History (20 events):
Event: 46.946 GC heap before
{Heap before GC invocations=2440 (full 4):
 PSYoungGen      total 4096K, used 4096K [0x00000000eab00000, 0x00000000eb180000, 0x0000000100000000)
  eden space 3584K, 100% used [0x00000000eab00000,0x00000000eae80000,0x00000000eae80000)
  from space 512K, 100% used [0x00000000eaf00000,0x00000000eaf80000,0x00000000eaf80000)
  to   space 1536K, 0% used [0x00000000eb000000,0x00000000eb000000,0x00000000eb180000)
 ParOldGen       total 386560K, used 386387K [0x00000000c0000000, 0x00000000d7980000, 0x00000000eab00000)
  object space 386560K, 99% used [0x00000000c0000000,0x00000000d7954cb8,0x00000000d7980000)
 Metaspace       used 70803K, committed 72384K, reserved 1114112K
  class space    used 7197K, committed 7936K, reserved 1048576K
}
Event: 46.947 GC heap after
{Heap after GC invocations=2440 (full 4):
 PSYoungGen      total 5632K, used 960K [0x00000000eab00000, 0x00000000eb180000, 0x0000000100000000)
  eden space 4096K, 0% used [0x00000000eab00000,0x00000000eab00000,0x00000000eaf00000)
  from space 1536K, 62% used [0x00000000eb000000,0x00000000eb0f0000,0x00000000eb180000)
  to   space 1024K, 0% used [0x00000000eaf00000,0x00000000eaf00000,0x00000000eb000000)
 ParOldGen       total 387072K, used 386815K [0x00000000c0000000, 0x00000000d7a00000, 0x00000000eab00000)
  object space 387072K, 99% used [0x00000000c0000000,0x00000000d79bfcc8,0x00000000d7a00000)
 Metaspace       used 70803K, committed 72384K, reserved 1114112K
  class space    used 7197K, committed 7936K, reserved 1048576K
}
Event: 46.951 GC heap before
{Heap before GC invocations=2441 (full 4):
 PSYoungGen      total 5632K, used 5056K [0x00000000eab00000, 0x00000000eb180000, 0x0000000100000000)
  eden space 4096K, 100% used [0x00000000eab00000,0x00000000eaf00000,0x00000000eaf00000)
  from space 1536K, 62% used [0x00000000eb000000,0x00000000eb0f0000,0x00000000eb180000)
  to   space 1024K, 0% used [0x00000000eaf00000,0x00000000eaf00000,0x00000000eb000000)
 ParOldGen       total 387072K, used 386815K [0x00000000c0000000, 0x00000000d7a00000, 0x00000000eab00000)
  object space 387072K, 99% used [0x00000000c0000000,0x00000000d79bfcc8,0x00000000d7a00000)
 Metaspace       used 70804K, committed 72384K, reserved 1114112K
  class space    used 7197K, committed 7936K, reserved 1048576K
}
Event: 46.951 GC heap after
{Heap after GC invocations=2441 (full 4):
 PSYoungGen      total 5120K, used 432K [0x00000000eab00000, 0x00000000eb200000, 0x0000000100000000)
  eden space 4096K, 0% used [0x00000000eab00000,0x00000000eab00000,0x00000000eaf00000)
  from space 1024K, 42% used [0x00000000eaf00000,0x00000000eaf6c020,0x00000000eb000000)
  to   space 1024K, 0% used [0x00000000eb100000,0x00000000eb100000,0x00000000eb200000)
 ParOldGen       total 387584K, used 387535K [0x00000000c0000000, 0x00000000d7a80000, 0x00000000eab00000)
  object space 387584K, 99% used [0x00000000c0000000,0x00000000d7a73cc8,0x00000000d7a80000)
 Metaspace       used 70804K, committed 72384K, reserved 1114112K
  class space    used 7197K, committed 7936K, reserved 1048576K
}
Event: 46.956 GC heap before
{Heap before GC invocations=2442 (full 4):
 PSYoungGen      total 5120K, used 4528K [0x00000000eab00000, 0x00000000eb200000, 0x0000000100000000)
  eden space 4096K, 100% used [0x00000000eab00000,0x00000000eaf00000,0x00000000eaf00000)
  from space 1024K, 42% used [0x00000000eaf00000,0x00000000eaf6c020,0x00000000eb000000)
  to   space 1024K, 0% used [0x00000000eb100000,0x00000000eb100000,0x00000000eb200000)
 ParOldGen       total 387584K, used 387535K [0x00000000c0000000, 0x00000000d7a80000, 0x00000000eab00000)
  object space 387584K, 99% used [0x00000000c0000000,0x00000000d7a73cc8,0x00000000d7a80000)
 Metaspace       used 70804K, committed 72384K, reserved 1114112K
  class space    used 7197K, committed 7936K, reserved 1048576K
}
Event: 46.957 GC heap after
{Heap after GC invocations=2442 (full 4):
 PSYoungGen      total 6144K, used 768K [0x00000000eab00000, 0x00000000eb200000, 0x0000000100000000)
  eden space 5120K, 0% used [0x00000000eab00000,0x00000000eab00000,0x00000000eb000000)
  from space 1024K, 75% used [0x00000000eb100000,0x00000000eb1c0000,0x00000000eb200000)
  to   space 1024K, 0% used [0x00000000eb000000,0x00000000eb000000,0x00000000eb100000)
 ParOldGen       total 388096K, used 387655K [0x00000000c0000000, 0x00000000d7b00000, 0x00000000eab00000)
  object space 388096K, 99% used [0x00000000c0000000,0x00000000d7a91cc8,0x00000000d7b00000)
 Metaspace       used 70804K, committed 72384K, reserved 1114112K
  class space    used 7197K, committed 7936K, reserved 1048576K
}
Event: 46.961 GC heap before
{Heap before GC invocations=2443 (full 4):
 PSYoungGen      total 6144K, used 5888K [0x00000000eab00000, 0x00000000eb200000, 0x0000000100000000)
  eden space 5120K, 100% used [0x00000000eab00000,0x00000000eb000000,0x00000000eb000000)
  from space 1024K, 75% used [0x00000000eb100000,0x00000000eb1c0000,0x00000000eb200000)
  to   space 1024K, 0% used [0x00000000eb000000,0x00000000eb000000,0x00000000eb100000)
 ParOldGen       total 388096K, used 387655K [0x00000000c0000000, 0x00000000d7b00000, 0x00000000eab00000)
  object space 388096K, 99% used [0x00000000c0000000,0x00000000d7a91cc8,0x00000000d7b00000)
 Metaspace       used 70809K, committed 72384K, reserved 1114112K
  class space    used 7198K, committed 7936K, reserved 1048576K
}
Event: 46.962 GC heap after
{Heap after GC invocations=2443 (full 4):
 PSYoungGen      total 6144K, used 480K [0x00000000eab00000, 0x00000000eb300000, 0x0000000100000000)
  eden space 5120K, 0% used [0x00000000eab00000,0x00000000eab00000,0x00000000eb000000)
  from space 1024K, 46% used [0x00000000eb000000,0x00000000eb078000,0x00000000eb100000)
  to   space 1024K, 0% used [0x00000000eb200000,0x00000000eb200000,0x00000000eb300000)
 ParOldGen       total 388096K, used 387987K [0x00000000c0000000, 0x00000000d7b00000, 0x00000000eab00000)
  object space 388096K, 99% used [0x00000000c0000000,0x00000000d7ae4cd8,0x00000000d7b00000)
 Metaspace       used 70809K, committed 72384K, reserved 1114112K
  class space    used 7198K, committed 7936K, reserved 1048576K
}
Event: 46.971 GC heap before
{Heap before GC invocations=2444 (full 4):
 PSYoungGen      total 6144K, used 5600K [0x00000000eab00000, 0x00000000eb300000, 0x0000000100000000)
  eden space 5120K, 100% used [0x00000000eab00000,0x00000000eb000000,0x00000000eb000000)
  from space 1024K, 46% used [0x00000000eb000000,0x00000000eb078000,0x00000000eb100000)
  to   space 1024K, 0% used [0x00000000eb200000,0x00000000eb200000,0x00000000eb300000)
 ParOldGen       total 388096K, used 387987K [0x00000000c0000000, 0x00000000d7b00000, 0x00000000eab00000)
  object space 388096K, 99% used [0x00000000c0000000,0x00000000d7ae4cd8,0x00000000d7b00000)
 Metaspace       used 70809K, committed 72384K, reserved 1114112K
  class space    used 7198K, committed 7936K, reserved 1048576K
}
Event: 46.972 GC heap after
{Heap after GC invocations=2444 (full 4):
 PSYoungGen      total 6144K, used 736K [0x00000000eab00000, 0x00000000eb300000, 0x0000000100000000)
  eden space 5120K, 0% used [0x00000000eab00000,0x00000000eab00000,0x00000000eb000000)
  from space 1024K, 71% used [0x00000000eb200000,0x00000000eb2b8000,0x00000000eb300000)
  to   space 1024K, 0% used [0x00000000eb000000,0x00000000eb000000,0x00000000eb100000)
 ParOldGen       total 388608K, used 388195K [0x00000000c0000000, 0x00000000d7b80000, 0x00000000eab00000)
  object space 388608K, 99% used [0x00000000c0000000,0x00000000d7b18cd8,0x00000000d7b80000)
 Metaspace       used 70809K, committed 72384K, reserved 1114112K
  class space    used 7198K, committed 7936K, reserved 1048576K
}
Event: 46.978 GC heap before
{Heap before GC invocations=2445 (full 4):
 PSYoungGen      total 6144K, used 5856K [0x00000000eab00000, 0x00000000eb300000, 0x0000000100000000)
  eden space 5120K, 100% used [0x00000000eab00000,0x00000000eb000000,0x00000000eb000000)
  from space 1024K, 71% used [0x00000000eb200000,0x00000000eb2b8000,0x00000000eb300000)
  to   space 1024K, 0% used [0x00000000eb000000,0x00000000eb000000,0x00000000eb100000)
 ParOldGen       total 388608K, used 388195K [0x00000000c0000000, 0x00000000d7b80000, 0x00000000eab00000)
  object space 388608K, 99% used [0x00000000c0000000,0x00000000d7b18cd8,0x00000000d7b80000)
 Metaspace       used 70809K, committed 72384K, reserved 1114112K
  class space    used 7198K, committed 7936K, reserved 1048576K
}
Event: 46.980 GC heap after
{Heap after GC invocations=2445 (full 4):
 PSYoungGen      total 6144K, used 448K [0x00000000eab00000, 0x00000000eb280000, 0x0000000100000000)
  eden space 5120K, 0% used [0x00000000eab00000,0x00000000eab00000,0x00000000eb000000)
  from space 1024K, 43% used [0x00000000eb000000,0x00000000eb070000,0x00000000eb100000)
  to   space 1024K, 0% used [0x00000000eb180000,0x00000000eb180000,0x00000000eb280000)
 ParOldGen       total 389120K, used 388727K [0x00000000c0000000, 0x00000000d7c00000, 0x00000000eab00000)
  object space 389120K, 99% used [0x00000000c0000000,0x00000000d7b9dce8,0x00000000d7c00000)
 Metaspace       used 70809K, committed 72384K, reserved 1114112K
  class space    used 7198K, committed 7936K, reserved 1048576K
}
Event: 47.027 GC heap before
{Heap before GC invocations=2446 (full 4):
 PSYoungGen      total 6144K, used 5568K [0x00000000eab00000, 0x00000000eb280000, 0x0000000100000000)
  eden space 5120K, 100% used [0x00000000eab00000,0x00000000eb000000,0x00000000eb000000)
  from space 1024K, 43% used [0x00000000eb000000,0x00000000eb070000,0x00000000eb100000)
  to   space 1024K, 0% used [0x00000000eb180000,0x00000000eb180000,0x00000000eb280000)
 ParOldGen       total 389120K, used 388727K [0x00000000c0000000, 0x00000000d7c00000, 0x00000000eab00000)
  object space 389120K, 99% used [0x00000000c0000000,0x00000000d7b9dce8,0x00000000d7c00000)
 Metaspace       used 70809K, committed 72384K, reserved 1114112K
  class space    used 7198K, committed 7936K, reserved 1048576K
}
Event: 47.028 GC heap after
{Heap after GC invocations=2446 (full 4):
 PSYoungGen      total 6144K, used 656K [0x00000000eab00000, 0x00000000eb280000, 0x0000000100000000)
  eden space 5120K, 0% used [0x00000000eab00000,0x00000000eab00000,0x00000000eb000000)
  from space 1024K, 64% used [0x00000000eb180000,0x00000000eb224010,0x00000000eb280000)
  to   space 1024K, 0% used [0x00000000eb000000,0x00000000eb000000,0x00000000eb100000)
 ParOldGen       total 389120K, used 388919K [0x00000000c0000000, 0x00000000d7c00000, 0x00000000eab00000)
  object space 389120K, 99% used [0x00000000c0000000,0x00000000d7bcdce8,0x00000000d7c00000)
 Metaspace       used 70809K, committed 72384K, reserved 1114112K
  class space    used 7198K, committed 7936K, reserved 1048576K
}
Event: 47.041 GC heap before
{Heap before GC invocations=2447 (full 4):
 PSYoungGen      total 6144K, used 5776K [0x00000000eab00000, 0x00000000eb280000, 0x0000000100000000)
  eden space 5120K, 100% used [0x00000000eab00000,0x00000000eb000000,0x00000000eb000000)
  from space 1024K, 64% used [0x00000000eb180000,0x00000000eb224010,0x00000000eb280000)
  to   space 1024K, 0% used [0x00000000eb000000,0x00000000eb000000,0x00000000eb100000)
 ParOldGen       total 389120K, used 388919K [0x00000000c0000000, 0x00000000d7c00000, 0x00000000eab00000)
  object space 389120K, 99% used [0x00000000c0000000,0x00000000d7bcdce8,0x00000000d7c00000)
 Metaspace       used 70809K, committed 72384K, reserved 1114112K
  class space    used 7198K, committed 7936K, reserved 1048576K
}
Event: 47.042 GC heap after
{Heap after GC invocations=2447 (full 4):
 PSYoungGen      total 6144K, used 448K [0x00000000eab00000, 0x00000000eb200000, 0x0000000100000000)
  eden space 5120K, 0% used [0x00000000eab00000,0x00000000eab00000,0x00000000eb000000)
  from space 1024K, 43% used [0x00000000eb000000,0x00000000eb070000,0x00000000eb100000)
  to   space 1024K, 0% used [0x00000000eb100000,0x00000000eb100000,0x00000000eb200000)
 ParOldGen       total 389632K, used 389279K [0x00000000c0000000, 0x00000000d7c80000, 0x00000000eab00000)
  object space 389632K, 99% used [0x00000000c0000000,0x00000000d7c27ce8,0x00000000d7c80000)
 Metaspace       used 70809K, committed 72384K, reserved 1114112K
  class space    used 7198K, committed 7936K, reserved 1048576K
}
Event: 47.140 GC heap before
{Heap before GC invocations=2448 (full 4):
 PSYoungGen      total 6144K, used 5567K [0x00000000eab00000, 0x00000000eb200000, 0x0000000100000000)
  eden space 5120K, 99% used [0x00000000eab00000,0x00000000eafffff8,0x00000000eb000000)
  from space 1024K, 43% used [0x00000000eb000000,0x00000000eb070000,0x00000000eb100000)
  to   space 1024K, 0% used [0x00000000eb100000,0x00000000eb100000,0x00000000eb200000)
 ParOldGen       total 389632K, used 389279K [0x00000000c0000000, 0x00000000d7c80000, 0x00000000eab00000)
  object space 389632K, 99% used [0x00000000c0000000,0x00000000d7c27ce8,0x00000000d7c80000)
 Metaspace       used 70815K, committed 72384K, reserved 1114112K
  class space    used 7198K, committed 7936K, reserved 1048576K
}
Event: 47.141 GC heap after
{Heap after GC invocations=2448 (full 4):
 PSYoungGen      total 5632K, used 352K [0x00000000eab00000, 0x00000000eb180000, 0x0000000100000000)
  eden space 5120K, 0% used [0x00000000eab00000,0x00000000eab00000,0x00000000eb000000)
  from space 512K, 68% used [0x00000000eb100000,0x00000000eb158000,0x00000000eb180000)
  to   space 512K, 0% used [0x00000000eb080000,0x00000000eb080000,0x00000000eb100000)
 ParOldGen       total 389632K, used 389575K [0x00000000c0000000, 0x00000000d7c80000, 0x00000000eab00000)
  object space 389632K, 99% used [0x00000000c0000000,0x00000000d7c71ce8,0x00000000d7c80000)
 Metaspace       used 70815K, committed 72384K, reserved 1114112K
  class space    used 7198K, committed 7936K, reserved 1048576K
}
Event: 47.232 GC heap before
{Heap before GC invocations=2449 (full 4):
 PSYoungGen      total 5632K, used 5472K [0x00000000eab00000, 0x00000000eb180000, 0x0000000100000000)
  eden space 5120K, 100% used [0x00000000eab00000,0x00000000eb000000,0x00000000eb000000)
  from space 512K, 68% used [0x00000000eb100000,0x00000000eb158000,0x00000000eb180000)
  to   space 512K, 0% used [0x00000000eb080000,0x00000000eb080000,0x00000000eb100000)
 ParOldGen       total 389632K, used 389575K [0x00000000c0000000, 0x00000000d7c80000, 0x00000000eab00000)
  object space 389632K, 99% used [0x00000000c0000000,0x00000000d7c71ce8,0x00000000d7c80000)
 Metaspace       used 70837K, committed 72448K, reserved 1114112K
  class space    used 7198K, committed 7936K, reserved 1048576K
}
Event: 47.233 GC heap after
{Heap after GC invocations=2449 (full 4):
 PSYoungGen      total 5632K, used 496K [0x00000000eab00000, 0x00000000eb200000, 0x0000000100000000)
  eden space 5120K, 0% used [0x00000000eab00000,0x00000000eab00000,0x00000000eb000000)
  from space 512K, 96% used [0x00000000eb080000,0x00000000eb0fc050,0x00000000eb100000)
  to   space 1024K, 0% used [0x00000000eb100000,0x00000000eb100000,0x00000000eb200000)
 ParOldGen       total 390144K, used 389751K [0x00000000c0000000, 0x00000000d7d00000, 0x00000000eab00000)
  object space 390144K, 99% used [0x00000000c0000000,0x00000000d7c9dce8,0x00000000d7d00000)
 Metaspace       used 70837K, committed 72448K, reserved 1114112K
  class space    used 7198K, committed 7936K, reserved 1048576K
}

